<?xml version="1.0" encoding="UTF-8"?>
<!-- Generated by org.testng.reporters.JUnitXMLReporter -->
<testsuite ignored="1" hostname="WKWZTMQauBjiWzF" failures="0" tests="1" name="Default test" time="3.149" errors="0" timestamp="2025-07-28T22:19:31 IST">
  <testcase classname="GETAPITestWithBDD.Session02_01_ProductAPITest" name="getProductCountTest" time="3.107"/>
  <testcase classname="GETAPITestWithBDD.Session02_01_ProductAPITest" name="getProductTest" time="0.0">
    <ignored/>
  </testcase> <!-- getProductTest -->
</testsuite> <!-- Default test -->
