<?xml version="1.0" encoding="UTF-8"?>
<!-- Generated by org.testng.reporters.JUnitXMLReporter -->
<testsuite ignored="6" hostname="JyotiRanjan" failures="0" tests="1" name="Default test" time="3.502" errors="0" timestamp="2025-08-02T17:04:43 IST">
  <testcase classname="POSTAPIWithDifferentBodyTypes.POSTAPIWithDifferentBody" name="bodyWithImageFileTest" time="3.474"/>
  <testcase classname="POSTAPIWithDifferentBodyTypes.POSTAPIWithDifferentBody" name="bodyWithTextTest" time="0.0">
    <ignored/>
  </testcase> <!-- bodyWithTextTest -->
  <testcase classname="POSTAPIWithDifferentBodyTypes.POSTAPIWithDifferentBody" name="bodyWithMultiPartTest" time="0.0">
    <ignored/>
  </testcase> <!-- bodyWithMultiPartTest -->
  <testcase classname="POSTAPIWithDifferentBodyTypes.POSTAPIWithDifferentBody" name="bodyWithPDFFileTest" time="0.0">
    <ignored/>
  </testcase> <!-- bodyWithPDFFileTest -->
  <testcase classname="POSTAPIWithDifferentBodyTypes.POSTAPIWithDifferentBody" name="bodyWithHtmlTest" time="0.0">
    <ignored/>
  </testcase> <!-- bodyWithHtmlTest -->
  <testcase classname="POSTAPIWithDifferentBodyTypes.POSTAPIWithDifferentBody" name="bodyWithJavaScriptTest" time="0.0">
    <ignored/>
  </testcase> <!-- bodyWithJavaScriptTest -->
  <testcase classname="POSTAPIWithDifferentBodyTypes.POSTAPIWithDifferentBody" name="bodyWithXMLTest" time="0.0">
    <ignored/>
  </testcase> <!-- bodyWithXMLTest -->
</testsuite> <!-- Default test -->
