<?xml version="1.0" encoding="UTF-8"?>
<testng-results ignored="0" total="1" passed="1" failed="0" skipped="0">
  <reporter-output>
  </reporter-output>
  <suite started-at="2025-07-27T13:12:00 IST" name="Default suite" finished-at="2025-07-27T13:12:03 IST" duration-ms="2557">
    <groups>
    </groups>
    <test started-at="2025-07-27T13:12:00 IST" name="Default test" finished-at="2025-07-27T13:12:03 IST" duration-ms="2557">
      <class name="GETAPITestWithBDD.GoRestAPITest">
        <test-method signature="getAllUserTest()[pri:0, instance:GETAPITestWithBDD.GoRestAPITest@5677323c]" started-at="2025-07-27T13:12:00 IST" name="getAllUserTest" finished-at="2025-07-27T13:12:03 IST" duration-ms="2526" status="PASS">
          <reporter-output>
          </reporter-output>
        </test-method> <!-- getAllUserTest -->
      </class> <!-- GETAPITestWithBDD.GoRestAPITest -->
    </test> <!-- Default test -->
  </suite> <!-- Default suite -->
</testng-results>
