<?xml version="1.0" encoding="UTF-8"?>
<testng-results ignored="0" total="1" passed="1" failed="0" skipped="0">
  <reporter-output>
  </reporter-output>
  <suite started-at="2025-08-02T17:04:39 IST" name="Default suite" finished-at="2025-08-02T17:04:43 IST" duration-ms="3502">
    <groups>
    </groups>
    <test started-at="2025-08-02T17:04:39 IST" name="Default test" finished-at="2025-08-02T17:04:43 IST" duration-ms="3502">
      <class name="POSTAPIWithDifferentBodyTypes.POSTAPIWithDifferentBody">
        <test-method signature="bodyWithImageFileTest()[pri:0, instance:POSTAPIWithDifferentBodyTypes.POSTAPIWithDifferentBody@4686afc2]" started-at="2025-08-02T17:04:39 IST" name="bodyWithImageFileTest" finished-at="2025-08-02T17:04:43 IST" duration-ms="3474" status="PASS">
          <reporter-output>
          </reporter-output>
        </test-method> <!-- bodyWithImageFileTest -->
      </class> <!-- POSTAPIWithDifferentBodyTypes.POSTAPIWithDifferentBody -->
    </test> <!-- Default test -->
  </suite> <!-- Default suite -->
</testng-results>
